<?xml version="1.0" encoding="UTF-8"?>
<coverage line-rate="0.53475935828877" branch-rate="0" version="3.0.1" timestamp="2018-01-08 23:05:51">
  <sources>
    <source>R/config.R</source>
    <source>R/data.world-defunct.R</source>
    <source>R/insight-addin.R</source>
    <source>R/query.R</source>
    <source>R/utils.R</source>
    <source>R/zzz.R</source>
  </sources>
  <packages>
    <package name="data.world" line-rate="0.53475935828877" branch-rate="0" complexity="0">
      <classes>
        <class name="config.R" filename="R/config.R" line-rate="1" branch-rate="0" complexity="0">
          <methods>
            <method name="set_config" signature="NA" line-rate="1" branch-rate="0">
              <lines>
                <line number="26" hits="12" branch="false"/>
              </lines>
            </method>
            <method name="set_config.default" signature="NA" line-rate="1" branch-rate="0">
              <lines>
                <line number="34" hits="5" branch="false"/>
                <line number="35" hits="5" branch="false"/>
                <line number="36" hits="5" branch="false"/>
                <line number="37" hits="5" branch="false"/>
                <line number="38" hits="5" branch="false"/>
              </lines>
            </method>
            <method name="set_config.cfg_env" signature="NA" line-rate="1" branch-rate="0">
              <lines>
                <line number="47" hits="3" branch="false"/>
                <line number="48" hits="3" branch="false"/>
                <line number="49" hits="2" branch="false"/>
                <line number="50" hits="3" branch="false"/>
                <line number="51" hits="3" branch="false"/>
              </lines>
            </method>
            <method name="set_config.cfg_saved" signature="NA" line-rate="1" branch-rate="0">
              <lines>
                <line number="59" hits="4" branch="false"/>
                <line number="60" hits="4" branch="false"/>
                <line number="61" hits="3" branch="false"/>
                <line number="62" hits="4" branch="false"/>
                <line number="63" hits="1" branch="false"/>
                <line number="64" hits="1" branch="false"/>
                <line number="65" hits="4" branch="false"/>
                <line number="67" hits="3" branch="false"/>
                <line number="68" hits="3" branch="false"/>
                <line number="69" hits="3" branch="false"/>
                <line number="70" hits="2" branch="false"/>
                <line number="71" hits="3" branch="false"/>
                <line number="72" hits="1" branch="false"/>
                <line number="73" hits="1" branch="false"/>
                <line number="74" hits="1" branch="false"/>
                <line number="75" hits="3" branch="false"/>
                <line number="77" hits="3" branch="false"/>
              </lines>
            </method>
            <method name="cfg" signature="NA" line-rate="1" branch-rate="0">
              <lines>
                <line number="89" hits="5" branch="false"/>
                <line number="90" hits="5" branch="false"/>
                <line number="91" hits="5" branch="false"/>
              </lines>
            </method>
            <method name="cfg_env" signature="NA" line-rate="1" branch-rate="0">
              <lines>
                <line number="103" hits="3" branch="false"/>
                <line number="104" hits="3" branch="false"/>
                <line number="105" hits="3" branch="false"/>
              </lines>
            </method>
            <method name="cfg_saved" signature="NA" line-rate="1" branch-rate="0">
              <lines>
                <line number="117" hits="7" branch="false"/>
                <line number="118" hits="7" branch="false"/>
                <line number="119" hits="7" branch="false"/>
              </lines>
            </method>
            <method name="save_config" signature="NA" line-rate="1" branch-rate="0">
              <lines>
                <line number="139" hits="3" branch="false"/>
                <line number="140" hits="3" branch="false"/>
                <line number="141" hits="2" branch="false"/>
                <line number="142" hits="2" branch="false"/>
                <line number="143" hits="1" branch="false"/>
                <line number="144" hits="2" branch="false"/>
                <line number="145" hits="2" branch="false"/>
                <line number="146" hits="3" branch="false"/>
                <line number="147" hits="1" branch="false"/>
                <line number="148" hits="1" branch="false"/>
                <line number="149" hits="1" branch="false"/>
                <line number="150" hits="1" branch="false"/>
                <line number="151" hits="1" branch="false"/>
                <line number="152" hits="3" branch="false"/>
                <line number="154" hits="3" branch="false"/>
                <line number="155" hits="3" branch="false"/>
              </lines>
            </method>
          </methods>
          <lines>
            <line number="26" hits="12" branch="false"/>
            <line number="34" hits="5" branch="false"/>
            <line number="35" hits="5" branch="false"/>
            <line number="36" hits="5" branch="false"/>
            <line number="37" hits="5" branch="false"/>
            <line number="38" hits="5" branch="false"/>
            <line number="47" hits="3" branch="false"/>
            <line number="48" hits="3" branch="false"/>
            <line number="49" hits="2" branch="false"/>
            <line number="50" hits="3" branch="false"/>
            <line number="51" hits="3" branch="false"/>
            <line number="59" hits="4" branch="false"/>
            <line number="60" hits="4" branch="false"/>
            <line number="61" hits="3" branch="false"/>
            <line number="62" hits="4" branch="false"/>
            <line number="63" hits="1" branch="false"/>
            <line number="64" hits="1" branch="false"/>
            <line number="65" hits="4" branch="false"/>
            <line number="67" hits="3" branch="false"/>
            <line number="68" hits="3" branch="false"/>
            <line number="69" hits="3" branch="false"/>
            <line number="70" hits="2" branch="false"/>
            <line number="71" hits="3" branch="false"/>
            <line number="72" hits="1" branch="false"/>
            <line number="73" hits="1" branch="false"/>
            <line number="74" hits="1" branch="false"/>
            <line number="75" hits="3" branch="false"/>
            <line number="77" hits="3" branch="false"/>
            <line number="89" hits="5" branch="false"/>
            <line number="90" hits="5" branch="false"/>
            <line number="91" hits="5" branch="false"/>
            <line number="103" hits="3" branch="false"/>
            <line number="104" hits="3" branch="false"/>
            <line number="105" hits="3" branch="false"/>
            <line number="117" hits="7" branch="false"/>
            <line number="118" hits="7" branch="false"/>
            <line number="119" hits="7" branch="false"/>
            <line number="139" hits="3" branch="false"/>
            <line number="140" hits="3" branch="false"/>
            <line number="141" hits="2" branch="false"/>
            <line number="142" hits="2" branch="false"/>
            <line number="143" hits="1" branch="false"/>
            <line number="144" hits="2" branch="false"/>
            <line number="145" hits="2" branch="false"/>
            <line number="146" hits="3" branch="false"/>
            <line number="147" hits="1" branch="false"/>
            <line number="148" hits="1" branch="false"/>
            <line number="149" hits="1" branch="false"/>
            <line number="150" hits="1" branch="false"/>
            <line number="151" hits="1" branch="false"/>
            <line number="152" hits="3" branch="false"/>
            <line number="154" hits="3" branch="false"/>
            <line number="155" hits="3" branch="false"/>
          </lines>
        </class>
        <class name="data.world-defunct.R" filename="R/data.world-defunct.R" line-rate="0" branch-rate="0" complexity="0">
          <methods>
            <method name="data.world" signature="NA" line-rate="0" branch-rate="0">
              <lines>
                <line number="65" hits="0" branch="false"/>
                <line number="67" hits="0" branch="false"/>
                <line number="68" hits="0" branch="false"/>
                <line number="70" hits="0" branch="false"/>
                <line number="71" hits="0" branch="false"/>
                <line number="72" hits="0" branch="false"/>
                <line number="73" hits="0" branch="false"/>
                <line number="74" hits="0" branch="false"/>
                <line number="75" hits="0" branch="false"/>
                <line number="76" hits="0" branch="false"/>
                <line number="77" hits="0" branch="false"/>
                <line number="78" hits="0" branch="false"/>
                <line number="79" hits="0" branch="false"/>
                <line number="80" hits="0" branch="false"/>
                <line number="81" hits="0" branch="false"/>
                <line number="82" hits="0" branch="false"/>
                <line number="83" hits="0" branch="false"/>
                <line number="85" hits="0" branch="false"/>
                <line number="86" hits="0" branch="false"/>
                <line number="87" hits="0" branch="false"/>
                <line number="88" hits="0" branch="false"/>
                <line number="89" hits="0" branch="false"/>
                <line number="90" hits="0" branch="false"/>
                <line number="92" hits="0" branch="false"/>
                <line number="93" hits="0" branch="false"/>
                <line number="94" hits="0" branch="false"/>
                <line number="95" hits="0" branch="false"/>
                <line number="96" hits="0" branch="false"/>
                <line number="97" hits="0" branch="false"/>
                <line number="98" hits="0" branch="false"/>
                <line number="100" hits="0" branch="false"/>
                <line number="101" hits="0" branch="false"/>
                <line number="102" hits="0" branch="false"/>
                <line number="103" hits="0" branch="false"/>
                <line number="104" hits="0" branch="false"/>
                <line number="105" hits="0" branch="false"/>
                <line number="106" hits="0" branch="false"/>
                <line number="108" hits="0" branch="false"/>
                <line number="110" hits="0" branch="false"/>
              </lines>
            </method>
          </methods>
          <lines>
            <line number="65" hits="0" branch="false"/>
            <line number="67" hits="0" branch="false"/>
            <line number="68" hits="0" branch="false"/>
            <line number="70" hits="0" branch="false"/>
            <line number="71" hits="0" branch="false"/>
            <line number="72" hits="0" branch="false"/>
            <line number="73" hits="0" branch="false"/>
            <line number="74" hits="0" branch="false"/>
            <line number="75" hits="0" branch="false"/>
            <line number="76" hits="0" branch="false"/>
            <line number="77" hits="0" branch="false"/>
            <line number="78" hits="0" branch="false"/>
            <line number="79" hits="0" branch="false"/>
            <line number="80" hits="0" branch="false"/>
            <line number="81" hits="0" branch="false"/>
            <line number="82" hits="0" branch="false"/>
            <line number="83" hits="0" branch="false"/>
            <line number="85" hits="0" branch="false"/>
            <line number="86" hits="0" branch="false"/>
            <line number="87" hits="0" branch="false"/>
            <line number="88" hits="0" branch="false"/>
            <line number="89" hits="0" branch="false"/>
            <line number="90" hits="0" branch="false"/>
            <line number="92" hits="0" branch="false"/>
            <line number="93" hits="0" branch="false"/>
            <line number="94" hits="0" branch="false"/>
            <line number="95" hits="0" branch="false"/>
            <line number="96" hits="0" branch="false"/>
            <line number="97" hits="0" branch="false"/>
            <line number="98" hits="0" branch="false"/>
            <line number="100" hits="0" branch="false"/>
            <line number="101" hits="0" branch="false"/>
            <line number="102" hits="0" branch="false"/>
            <line number="103" hits="0" branch="false"/>
            <line number="104" hits="0" branch="false"/>
            <line number="105" hits="0" branch="false"/>
            <line number="106" hits="0" branch="false"/>
            <line number="108" hits="0" branch="false"/>
            <line number="110" hits="0" branch="false"/>
          </lines>
        </class>
        <class name="insight-addin.R" filename="R/insight-addin.R" line-rate="0.512820512820513" branch-rate="0" complexity="0">
          <methods>
            <method name="insight_project_filter" signature="NA" line-rate="1" branch-rate="0">
              <lines>
                <line number="154" hits="1" branch="false"/>
                <line number="155" hits="1" branch="false"/>
                <line number="156" hits="1" branch="false"/>
                <line number="157" hits="1" branch="false"/>
                <line number="158" hits="1" branch="false"/>
                <line number="159" hits="1" branch="false"/>
                <line number="160" hits="1" branch="false"/>
                <line number="161" hits="1" branch="false"/>
                <line number="163" hits="1" branch="false"/>
                <line number="164" hits="1" branch="false"/>
                <line number="165" hits="1" branch="false"/>
              </lines>
            </method>
            <method name="save_image_as_insight" signature="NA" line-rate="0.321428571428571" branch-rate="0">
              <lines>
                <line number="180" hits="3" branch="false"/>
                <line number="181" hits="1" branch="false"/>
                <line number="182" hits="3" branch="false"/>
                <line number="184" hits="2" branch="false"/>
                <line number="185" hits="1" branch="false"/>
                <line number="186" hits="2" branch="false"/>
                <line number="188" hits="1" branch="false"/>
                <line number="189" hits="1" branch="false"/>
                <line number="190" hits="1" branch="false"/>
                <line number="192" hits="0" branch="false"/>
                <line number="194" hits="0" branch="false"/>
                <line number="196" hits="0" branch="false"/>
                <line number="198" hits="0" branch="false"/>
                <line number="200" hits="0" branch="false"/>
                <line number="201" hits="0" branch="false"/>
                <line number="202" hits="0" branch="false"/>
                <line number="203" hits="0" branch="false"/>
                <line number="204" hits="0" branch="false"/>
                <line number="205" hits="0" branch="false"/>
                <line number="207" hits="0" branch="false"/>
                <line number="208" hits="0" branch="false"/>
                <line number="209" hits="0" branch="false"/>
                <line number="211" hits="0" branch="false"/>
                <line number="213" hits="0" branch="false"/>
                <line number="214" hits="0" branch="false"/>
                <line number="215" hits="0" branch="false"/>
                <line number="216" hits="0" branch="false"/>
                <line number="218" hits="0" branch="false"/>
              </lines>
            </method>
          </methods>
          <lines>
            <line number="154" hits="1" branch="false"/>
            <line number="155" hits="1" branch="false"/>
            <line number="156" hits="1" branch="false"/>
            <line number="157" hits="1" branch="false"/>
            <line number="158" hits="1" branch="false"/>
            <line number="159" hits="1" branch="false"/>
            <line number="160" hits="1" branch="false"/>
            <line number="161" hits="1" branch="false"/>
            <line number="163" hits="1" branch="false"/>
            <line number="164" hits="1" branch="false"/>
            <line number="165" hits="1" branch="false"/>
            <line number="180" hits="3" branch="false"/>
            <line number="181" hits="1" branch="false"/>
            <line number="182" hits="3" branch="false"/>
            <line number="184" hits="2" branch="false"/>
            <line number="185" hits="1" branch="false"/>
            <line number="186" hits="2" branch="false"/>
            <line number="188" hits="1" branch="false"/>
            <line number="189" hits="1" branch="false"/>
            <line number="190" hits="1" branch="false"/>
            <line number="192" hits="0" branch="false"/>
            <line number="194" hits="0" branch="false"/>
            <line number="196" hits="0" branch="false"/>
            <line number="198" hits="0" branch="false"/>
            <line number="200" hits="0" branch="false"/>
            <line number="201" hits="0" branch="false"/>
            <line number="202" hits="0" branch="false"/>
            <line number="203" hits="0" branch="false"/>
            <line number="204" hits="0" branch="false"/>
            <line number="205" hits="0" branch="false"/>
            <line number="207" hits="0" branch="false"/>
            <line number="208" hits="0" branch="false"/>
            <line number="209" hits="0" branch="false"/>
            <line number="211" hits="0" branch="false"/>
            <line number="213" hits="0" branch="false"/>
            <line number="214" hits="0" branch="false"/>
            <line number="215" hits="0" branch="false"/>
            <line number="216" hits="0" branch="false"/>
            <line number="218" hits="0" branch="false"/>
          </lines>
        </class>
        <class name="query.R" filename="R/query.R" line-rate="0.964285714285714" branch-rate="0" complexity="0">
          <methods>
            <method name="query" signature="NA" line-rate="1" branch-rate="0">
              <lines>
                <line number="27" hits="2" branch="false"/>
              </lines>
            </method>
            <method name="query.default" signature="NA" line-rate="0" branch-rate="0">
              <lines>
                <line number="32" hits="0" branch="false"/>
              </lines>
            </method>
            <method name="query.qry_sql" signature="NA" line-rate="1" branch-rate="0">
              <lines>
                <line number="46" hits="1" branch="false"/>
                <line number="47" hits="1" branch="false"/>
                <line number="48" hits="1" branch="false"/>
                <line number="49" hits="1" branch="false"/>
                <line number="50" hits="1" branch="false"/>
                <line number="51" hits="1" branch="false"/>
                <line number="52" hits="1" branch="false"/>
                <line number="53" hits="1" branch="false"/>
                <line number="54" hits="1" branch="false"/>
                <line number="56" hits="1" branch="false"/>
              </lines>
            </method>
            <method name="query.qry_sparql" signature="NA" line-rate="1" branch-rate="0">
              <lines>
                <line number="64" hits="1" branch="false"/>
                <line number="65" hits="1" branch="false"/>
                <line number="66" hits="1" branch="false"/>
                <line number="67" hits="1" branch="false"/>
                <line number="68" hits="1" branch="false"/>
                <line number="69" hits="1" branch="false"/>
                <line number="70" hits="1" branch="false"/>
                <line number="71" hits="1" branch="false"/>
                <line number="72" hits="1" branch="false"/>
                <line number="73" hits="1" branch="false"/>
              </lines>
            </method>
            <method name="qry_sql" signature="NA" line-rate="1" branch-rate="0">
              <lines>
                <line number="83" hits="1" branch="false"/>
                <line number="84" hits="1" branch="false"/>
                <line number="85" hits="1" branch="false"/>
              </lines>
            </method>
            <method name="qry_sparql" signature="NA" line-rate="1" branch-rate="0">
              <lines>
                <line number="95" hits="1" branch="false"/>
                <line number="96" hits="1" branch="false"/>
                <line number="97" hits="1" branch="false"/>
              </lines>
            </method>
          </methods>
          <lines>
            <line number="27" hits="2" branch="false"/>
            <line number="32" hits="0" branch="false"/>
            <line number="46" hits="1" branch="false"/>
            <line number="47" hits="1" branch="false"/>
            <line number="48" hits="1" branch="false"/>
            <line number="49" hits="1" branch="false"/>
            <line number="50" hits="1" branch="false"/>
            <line number="51" hits="1" branch="false"/>
            <line number="52" hits="1" branch="false"/>
            <line number="53" hits="1" branch="false"/>
            <line number="54" hits="1" branch="false"/>
            <line number="56" hits="1" branch="false"/>
            <line number="64" hits="1" branch="false"/>
            <line number="65" hits="1" branch="false"/>
            <line number="66" hits="1" branch="false"/>
            <line number="67" hits="1" branch="false"/>
            <line number="68" hits="1" branch="false"/>
            <line number="69" hits="1" branch="false"/>
            <line number="70" hits="1" branch="false"/>
            <line number="71" hits="1" branch="false"/>
            <line number="72" hits="1" branch="false"/>
            <line number="73" hits="1" branch="false"/>
            <line number="83" hits="1" branch="false"/>
            <line number="84" hits="1" branch="false"/>
            <line number="85" hits="1" branch="false"/>
            <line number="95" hits="1" branch="false"/>
            <line number="96" hits="1" branch="false"/>
            <line number="97" hits="1" branch="false"/>
          </lines>
        </class>
        <class name="utils.R" filename="R/utils.R" line-rate="0" branch-rate="0" complexity="0">
          <methods>
            <method name="sdk_version" signature="NA" line-rate="0" branch-rate="0">
              <lines>
                <line number="23" hits="0" branch="false"/>
                <line number="24" hits="0" branch="false"/>
                <line number="26" hits="0" branch="false"/>
                <line number="27" hits="0" branch="false"/>
                <line number="28" hits="0" branch="false"/>
                <line number="29" hits="0" branch="false"/>
                <line number="30" hits="0" branch="false"/>
                <line number="32" hits="0" branch="false"/>
              </lines>
            </method>
            <method name="user_agent" signature="NA" line-rate="0" branch-rate="0">
              <lines>
                <line number="39" hits="0" branch="false"/>
                <line number="40" hits="0" branch="false"/>
              </lines>
            </method>
            <method name="extract_dataset_key" signature="NA" line-rate="0" branch-rate="0">
              <lines>
                <line number="48" hits="0" branch="false"/>
                <line number="49" hits="0" branch="false"/>
              </lines>
            </method>
          </methods>
          <lines>
            <line number="23" hits="0" branch="false"/>
            <line number="24" hits="0" branch="false"/>
            <line number="26" hits="0" branch="false"/>
            <line number="27" hits="0" branch="false"/>
            <line number="28" hits="0" branch="false"/>
            <line number="29" hits="0" branch="false"/>
            <line number="30" hits="0" branch="false"/>
            <line number="32" hits="0" branch="false"/>
            <line number="39" hits="0" branch="false"/>
            <line number="40" hits="0" branch="false"/>
            <line number="48" hits="0" branch="false"/>
            <line number="49" hits="0" branch="false"/>
          </lines>
        </class>
        <class name="zzz.R" filename="R/zzz.R" line-rate="0" branch-rate="0" complexity="0">
          <methods>
            <method name=".onLoad" signature="NA" line-rate="0" branch-rate="0">
              <lines>
                <line number="21" hits="0" branch="false"/>
                <line number="22" hits="0" branch="false"/>
                <line number="23" hits="0" branch="false"/>
                <line number="24" hits="0" branch="false"/>
                <line number="26" hits="0" branch="false"/>
                <line number="27" hits="0" branch="false"/>
                <line number="28" hits="0" branch="false"/>
                <line number="30" hits="0" branch="false"/>
                <line number="32" hits="0" branch="false"/>
              </lines>
            </method>
            <method name="set_dw_config" signature="NA" line-rate="0" branch-rate="0">
              <lines>
                <line number="40" hits="0" branch="false"/>
                <line number="41" hits="0" branch="false"/>
                <line number="42" hits="0" branch="false"/>
                <line number="45" hits="0" branch="false"/>
                <line number="46" hits="0" branch="false"/>
                <line number="48" hits="0" branch="false"/>
                <line number="50" hits="0" branch="false"/>
              </lines>
            </method>
          </methods>
          <lines>
            <line number="21" hits="0" branch="false"/>
            <line number="22" hits="0" branch="false"/>
            <line number="23" hits="0" branch="false"/>
            <line number="24" hits="0" branch="false"/>
            <line number="26" hits="0" branch="false"/>
            <line number="27" hits="0" branch="false"/>
            <line number="28" hits="0" branch="false"/>
            <line number="30" hits="0" branch="false"/>
            <line number="32" hits="0" branch="false"/>
            <line number="40" hits="0" branch="false"/>
            <line number="41" hits="0" branch="false"/>
            <line number="42" hits="0" branch="false"/>
            <line number="45" hits="0" branch="false"/>
            <line number="46" hits="0" branch="false"/>
            <line number="48" hits="0" branch="false"/>
            <line number="50" hits="0" branch="false"/>
          </lines>
        </class>
      </classes>
    </package>
  </packages>
</coverage>
